c:\users\s171541\desktop\aiecomplexproject\trunk\gameanalytics\temp\vc141.pdb
c:\users\s171541\desktop\aiecomplexproject\trunk\gameanalytics\temp\vc141.idb
c:\users\s171541\desktop\aiecomplexproject\trunk\gameanalytics\temp\dataconverter.obj
c:\users\s171541\desktop\aiecomplexproject\trunk\gameanalytics\temp\gameanalytics.obj
c:\users\s171541\desktop\aiecomplexproject\trunk\gameanalytics\temp\stringhelper.obj
c:\users\s171541\desktop\aiecomplexproject\trunk\bin\gameanalytics_debug.lib
c:\users\s171541\desktop\aiecomplexproject\trunk\bin\gameanalytics_debug.exp
c:\users\s171541\desktop\aiecomplexproject\trunk\bin\gameanalytics_debug.ilk
c:\users\s171541\desktop\aiecomplexproject\trunk\bin\gameanalytics_debug.dll
c:\users\s171541\desktop\aiecomplexproject\trunk\bin\gameanalytics_debug.pdb
c:\users\s171541\desktop\aiecomplexproject\trunk\\bin\gameanalytics_debug.pdb
c:\users\s171541\desktop\aiecomplexproject\trunk\\bin\gameanalytics_debug.dll
c:\users\s171541\desktop\aiecomplexproject\trunk\\bin\gameanalytics_debug.ilk
c:\users\s171541\desktop\aiecomplexproject\trunk\gameanalytics\temp\gameanalytics.tlog\cl.command.1.tlog
c:\users\s171541\desktop\aiecomplexproject\trunk\gameanalytics\temp\gameanalytics.tlog\cl.read.1.tlog
c:\users\s171541\desktop\aiecomplexproject\trunk\gameanalytics\temp\gameanalytics.tlog\cl.write.1.tlog
c:\users\s171541\desktop\aiecomplexproject\trunk\gameanalytics\temp\gameanalytics.tlog\gameanalytics.write.1u.tlog
c:\users\s171541\desktop\aiecomplexproject\trunk\gameanalytics\temp\gameanalytics.tlog\link.command.1.tlog
c:\users\s171541\desktop\aiecomplexproject\trunk\gameanalytics\temp\gameanalytics.tlog\link.read.1.tlog
c:\users\s171541\desktop\aiecomplexproject\trunk\gameanalytics\temp\gameanalytics.tlog\link.write.1.tlog
