c:\users\brad\desktop\aiecomplexsystem\trunk\gameanalytics\temp\vc141.pdb
c:\users\brad\desktop\aiecomplexsystem\trunk\gameanalytics\temp\gameanalytics.obj
c:\users\brad\desktop\aiecomplexsystem\trunk\bin\gameanalytics_debug.lib
c:\users\brad\desktop\aiecomplexsystem\trunk\bin\gameanalytics_debug.exp
c:\users\brad\desktop\aiecomplexsystem\trunk\bin\gameanalytics.lib
c:\users\brad\desktop\aiecomplexsystem\trunk\bin\gameanalytics.exp
c:\users\brad\desktop\aiecomplexsystem\trunk\bin\gameanalytics.ipdb
c:\users\brad\desktop\aiecomplexsystem\trunk\bin\gameanalytics.iobj
c:\users\brad\desktop\aiecomplexsystem\trunk\bin\gameanalytics_debug.ilk
c:\users\brad\desktop\aiecomplexsystem\trunk\bin\gameanalytics_debug.dll
c:\users\brad\desktop\aiecomplexsystem\trunk\bin\gameanalytics_debug.pdb
c:\users\brad\desktop\aiecomplexsystem\trunk\bin\gameanalytics.dll
c:\users\brad\desktop\aiecomplexsystem\trunk\bin\gameanalytics.pdb
c:\users\brad\desktop\aiecomplexsystem\trunk\gameanalytics\temp\vc141.idb
c:\users\brad\desktop\aiecomplexsystem\trunk\\bin\gameanalytics.pdb
c:\users\brad\desktop\aiecomplexsystem\trunk\\bin\gameanalytics.dll
c:\users\brad\desktop\aiecomplexsystem\trunk\gameanalytics\temp\gameanalytics.tlog\cl.command.1.tlog
c:\users\brad\desktop\aiecomplexsystem\trunk\gameanalytics\temp\gameanalytics.tlog\cl.read.1.tlog
c:\users\brad\desktop\aiecomplexsystem\trunk\gameanalytics\temp\gameanalytics.tlog\cl.write.1.tlog
c:\users\brad\desktop\aiecomplexsystem\trunk\gameanalytics\temp\gameanalytics.tlog\gameanalytics.write.1u.tlog
c:\users\brad\desktop\aiecomplexsystem\trunk\gameanalytics\temp\gameanalytics.tlog\link.command.1.tlog
c:\users\brad\desktop\aiecomplexsystem\trunk\gameanalytics\temp\gameanalytics.tlog\link.read.1.tlog
c:\users\brad\desktop\aiecomplexsystem\trunk\gameanalytics\temp\gameanalytics.tlog\link.write.1.tlog
