  main.cpp
sfml-network-s-d.lib(Socket.cpp.obj) : error LNK2019: unresolved external symbol __imp_setsockopt referenced in function "protected: void __cdecl sf::Socket::create(unsigned __int64)" (?create@Socket@sf@@IEAAX_K@Z)
sfml-network-s-d.lib(Socket.cpp.obj) : error LNK2019: unresolved external symbol __imp_socket referenced in function "protected: void __cdecl sf::Socket::create(void)" (?create@Socket@sf@@IEAAXXZ)
sfml-network-s-d.lib(IpAddress.cpp.obj) : error LNK2001: unresolved external symbol __imp_socket
sfml-network-s-d.lib(TcpSocket.cpp.obj) : error LNK2019: unresolved external symbol __imp_connect referenced in function "public: enum sf::Socket::Status __cdecl sf::TcpSocket::connect(class sf::IpAddress const &,unsigned short,class sf::Time)" (?connect@TcpSocket@sf@@QEAA?AW4Status@Socket@2@AEBVIpAddress@2@GVTime@2@@Z)
sfml-network-s-d.lib(IpAddress.cpp.obj) : error LNK2001: unresolved external symbol __imp_connect
sfml-network-s-d.lib(TcpSocket.cpp.obj) : error LNK2019: unresolved external symbol __imp_getpeername referenced in function "public: class sf::IpAddress __cdecl sf::TcpSocket::getRemoteAddress(void)const " (?getRemoteAddress@TcpSocket@sf@@QEBA?AVIpAddress@2@XZ)
sfml-network-s-d.lib(TcpSocket.cpp.obj) : error LNK2019: unresolved external symbol __imp_getsockname referenced in function "public: unsigned short __cdecl sf::TcpSocket::getLocalPort(void)const " (?getLocalPort@TcpSocket@sf@@QEBAGXZ)
sfml-network-s-d.lib(TcpListener.cpp.obj) : error LNK2001: unresolved external symbol __imp_getsockname
sfml-network-s-d.lib(IpAddress.cpp.obj) : error LNK2001: unresolved external symbol __imp_getsockname
sfml-network-s-d.lib(TcpSocket.cpp.obj) : error LNK2019: unresolved external symbol __imp_htonl referenced in function "public: enum sf::Socket::Status __cdecl sf::TcpSocket::send(class sf::Packet &)" (?send@TcpSocket@sf@@QEAA?AW4Status@Socket@2@AEAVPacket@2@@Z)
sfml-network-s-d.lib(IpAddress.cpp.obj) : error LNK2001: unresolved external symbol __imp_htonl
sfml-network-s-d.lib(SocketImpl.cpp.obj) : error LNK2001: unresolved external symbol __imp_htonl
sfml-network-s-d.lib(Packet.cpp.obj) : error LNK2001: unresolved external symbol __imp_htonl
sfml-network-s-d.lib(TcpSocket.cpp.obj) : error LNK2019: unresolved external symbol __imp_ntohl referenced in function "public: class sf::IpAddress __cdecl sf::TcpSocket::getRemoteAddress(void)const " (?getRemoteAddress@TcpSocket@sf@@QEBA?AVIpAddress@2@XZ)
sfml-network-s-d.lib(IpAddress.cpp.obj) : error LNK2001: unresolved external symbol __imp_ntohl
sfml-network-s-d.lib(Packet.cpp.obj) : error LNK2001: unresolved external symbol __imp_ntohl
sfml-network-s-d.lib(TcpSocket.cpp.obj) : error LNK2019: unresolved external symbol __imp_ntohs referenced in function "public: unsigned short __cdecl sf::TcpSocket::getLocalPort(void)const " (?getLocalPort@TcpSocket@sf@@QEBAGXZ)
sfml-network-s-d.lib(TcpListener.cpp.obj) : error LNK2001: unresolved external symbol __imp_ntohs
sfml-network-s-d.lib(Packet.cpp.obj) : error LNK2001: unresolved external symbol __imp_ntohs
sfml-network-s-d.lib(TcpSocket.cpp.obj) : error LNK2019: unresolved external symbol __imp_recv referenced in function "public: enum sf::Socket::Status __cdecl sf::TcpSocket::receive(void *,unsigned __int64,unsigned __int64 &)" (?receive@TcpSocket@sf@@QEAA?AW4Status@Socket@2@PEAX_KAEA_K@Z)
sfml-network-s-d.lib(TcpSocket.cpp.obj) : error LNK2019: unresolved external symbol __imp_select referenced in function "public: enum sf::Socket::Status __cdecl sf::TcpSocket::connect(class sf::IpAddress const &,unsigned short,class sf::Time)" (?connect@TcpSocket@sf@@QEAA?AW4Status@Socket@2@AEBVIpAddress@2@GVTime@2@@Z)
sfml-network-s-d.lib(TcpSocket.cpp.obj) : error LNK2019: unresolved external symbol __imp_send referenced in function "public: enum sf::Socket::Status __cdecl sf::TcpSocket::send(void const *,unsigned __int64,unsigned __int64 &)" (?send@TcpSocket@sf@@QEAA?AW4Status@Socket@2@PEBX_KAEA_K@Z)
sfml-network-s-d.lib(TcpListener.cpp.obj) : error LNK2019: unresolved external symbol __imp_accept referenced in function "public: enum sf::Socket::Status __cdecl sf::TcpListener::accept(class sf::TcpSocket &)" (?accept@TcpListener@sf@@QEAA?AW4Status@Socket@2@AEAVTcpSocket@2@@Z)
sfml-network-s-d.lib(TcpListener.cpp.obj) : error LNK2019: unresolved external symbol __imp_bind referenced in function "public: enum sf::Socket::Status __cdecl sf::TcpListener::listen(unsigned short,class sf::IpAddress const &)" (?listen@TcpListener@sf@@QEAA?AW4Status@Socket@2@GAEBVIpAddress@2@@Z)
sfml-network-s-d.lib(TcpListener.cpp.obj) : error LNK2019: unresolved external symbol __imp_listen referenced in function "public: enum sf::Socket::Status __cdecl sf::TcpListener::listen(unsigned short,class sf::IpAddress const &)" (?listen@TcpListener@sf@@QEAA?AW4Status@Socket@2@GAEBVIpAddress@2@@Z)
sfml-network-s-d.lib(IpAddress.cpp.obj) : error LNK2019: unresolved external symbol __imp_inet_addr referenced in function "private: void __cdecl sf::IpAddress::resolve(class std::basic_string<char,struct std::char_traits<char>,class std::allocator<char> > const &)" (?resolve@IpAddress@sf@@AEAAXAEBV?$basic_string@DU?$char_traits@D@std@@V?$allocator@D@2@@std@@@Z)
sfml-network-s-d.lib(IpAddress.cpp.obj) : error LNK2019: unresolved external symbol __imp_inet_ntoa referenced in function "public: class std::basic_string<char,struct std::char_traits<char>,class std::allocator<char> > __cdecl sf::IpAddress::toString(void)const " (?toString@IpAddress@sf@@QEBA?AV?$basic_string@DU?$char_traits@D@std@@V?$allocator@D@2@@std@@XZ)
sfml-network-s-d.lib(IpAddress.cpp.obj) : error LNK2019: unresolved external symbol __imp_getaddrinfo referenced in function "private: void __cdecl sf::IpAddress::resolve(class std::basic_string<char,struct std::char_traits<char>,class std::allocator<char> > const &)" (?resolve@IpAddress@sf@@AEAAXAEBV?$basic_string@DU?$char_traits@D@std@@V?$allocator@D@2@@std@@@Z)
sfml-network-s-d.lib(IpAddress.cpp.obj) : error LNK2019: unresolved external symbol __imp_freeaddrinfo referenced in function "private: void __cdecl sf::IpAddress::resolve(class std::basic_string<char,struct std::char_traits<char>,class std::allocator<char> > const &)" (?resolve@IpAddress@sf@@AEAAXAEBV?$basic_string@DU?$char_traits@D@std@@V?$allocator@D@2@@std@@@Z)
sfml-network-s-d.lib(SocketImpl.cpp.obj) : error LNK2019: unresolved external symbol __imp_closesocket referenced in function "public: static void __cdecl sf::priv::SocketImpl::close(unsigned __int64)" (?close@SocketImpl@priv@sf@@SAX_K@Z)
sfml-network-s-d.lib(SocketImpl.cpp.obj) : error LNK2019: unresolved external symbol __imp_ioctlsocket referenced in function "public: static void __cdecl sf::priv::SocketImpl::setBlocking(unsigned __int64,bool)" (?setBlocking@SocketImpl@priv@sf@@SAX_K_N@Z)
sfml-network-s-d.lib(SocketImpl.cpp.obj) : error LNK2019: unresolved external symbol __imp_htons referenced in function "public: static struct sockaddr_in __cdecl sf::priv::SocketImpl::createAddress(unsigned int,unsigned short)" (?createAddress@SocketImpl@priv@sf@@SA?AUsockaddr_in@@IG@Z)
sfml-network-s-d.lib(Packet.cpp.obj) : error LNK2001: unresolved external symbol __imp_htons
sfml-network-s-d.lib(SocketImpl.cpp.obj) : error LNK2019: unresolved external symbol __imp_WSAStartup referenced in function "public: __cdecl sf::priv::SocketInitializer::SocketInitializer(void)" (??0SocketInitializer@priv@sf@@QEAA@XZ)
sfml-network-s-d.lib(SocketImpl.cpp.obj) : error LNK2019: unresolved external symbol __imp_WSACleanup referenced in function "public: __cdecl sf::priv::SocketInitializer::~SocketInitializer(void)" (??1SocketInitializer@priv@sf@@QEAA@XZ)
sfml-network-s-d.lib(SocketImpl.cpp.obj) : error LNK2019: unresolved external symbol __imp_WSAGetLastError referenced in function "public: static enum sf::Socket::Status __cdecl sf::priv::SocketImpl::getErrorStatus(void)" (?getErrorStatus@SocketImpl@priv@sf@@SA?AW4Status@Socket@3@XZ)
C:\Users\Brad\Desktop\aieBootstrap-master\\bin\Server_DEBUG.exe : fatal error LNK1120: 24 unresolved externals
